<?xml version="1.0" encoding="UTF-8"?>
<testsuite xmlns:xsi="http://www.w3.org/2001/XMLSchema-instance" xsi:noNamespaceSchemaLocation="https://maven.apache.org/surefire/maven-surefire-plugin/xsd/surefire-test-report-3.0.xsd" version="3.0" name="com.beerhub.BeerHubBackendApplicationTests" time="7.298" tests="1" errors="0" skipped="0" failures="0">
  <properties>
[...]
</properties>
  <testcase name="contextLoads" classname="com.beerhub.BeerHubBackendApplicationTests" time="0.544">
    <system-out><![CDATA[23:14:38.551 [main] INFO org.springframework.test.context.support.AnnotationConfigContextLoaderUtils -- Could not detect default configuration classes for test class [com.beerhub.BeerHubBackendApplicationTests]: BeerHubBackendApplicationTests does not declare any static, non-private, non-final, nested classes annotated with @Configuration.
23:14:38.681 [main] INFO org.springframework.boot.test.context.SpringBootTestContextBootstrapper -- Found @SpringBootConfiguration com.beerhub.BeerHubBackendApplication for test class com.beerhub.BeerHubBackendApplicationTests
23:14:38.872 [main] INFO org.springframework.boot.devtools.restart.RestartApplicationListener -- Restart disabled due to context in which it is running

  .   ____          _            __ _ _
 /\\ / ___'_ __ _ _(_)_ __  __ _ \ \ \ \
( ( )\___ | '_ | '_| | '_ \/ _` | \ \ \ \
 \\/  ___)| |_)| | | | | || (_| |  ) ) ) )
  '  |____| .__|_| |_|_| |_\__, | / / / /
 =========|_|==============|___/=/_/_/_/
 :: Spring Boot ::                (v3.2.0)

2023-12-09T23:14:39.207-06:00  INFO 29432 --- [           main] c.b.BeerHubBackendApplicationTests       : Starting BeerHubBackendApplicationTests using Java 17.0.8 with PID 29432 (started by eerii in E:\Practices\microservices-app\Backend\beer-hub-backend)
2023-12-09T23:14:39.210-06:00  INFO 29432 --- [           main] c.b.BeerHubBackendApplicationTests       : No active profile set, falling back to 1 default profile: "default"
2023-12-09T23:14:40.116-06:00  INFO 29432 --- [           main] .s.d.r.c.RepositoryConfigurationDelegate : Bootstrapping Spring Data JPA repositories in DEFAULT mode.
2023-12-09T23:14:40.202-06:00  INFO 29432 --- [           main] .s.d.r.c.RepositoryConfigurationDelegate : Finished Spring Data repository scanning in 72 ms. Found 1 JPA repository interface.
2023-12-09T23:14:40.916-06:00  INFO 29432 --- [           main] com.zaxxer.hikari.HikariDataSource       : HikariPool-1 - Starting...
2023-12-09T23:14:41.309-06:00  INFO 29432 --- [           main] com.zaxxer.hikari.pool.HikariPool        : HikariPool-1 - Added connection org.postgresql.jdbc.PgConnection@834e986
2023-12-09T23:14:41.311-06:00  INFO 29432 --- [           main] com.zaxxer.hikari.HikariDataSource       : HikariPool-1 - Start completed.
2023-12-09T23:14:41.382-06:00  INFO 29432 --- [           main] o.hibernate.jpa.internal.util.LogHelper  : HHH000204: Processing PersistenceUnitInfo [name: default]
2023-12-09T23:14:41.527-06:00  INFO 29432 --- [           main] org.hibernate.Version                    : HHH000412: Hibernate ORM core version 6.3.1.Final
2023-12-09T23:14:41.637-06:00  INFO 29432 --- [           main] o.h.c.internal.RegionFactoryInitiator    : HHH000026: Second-level cache disabled
2023-12-09T23:14:42.083-06:00  INFO 29432 --- [           main] o.s.o.j.p.SpringPersistenceUnitInfo      : No LoadTimeWeaver setup: ignoring JPA class transformer
2023-12-09T23:14:43.168-06:00  INFO 29432 --- [           main] o.h.e.t.j.p.i.JtaPlatformInitiator       : HHH000489: No JTA platform available (set 'hibernate.transaction.jta.platform' to enable JTA platform integration)
2023-12-09T23:14:43.172-06:00  INFO 29432 --- [           main] j.LocalContainerEntityManagerFactoryBean : Initialized JPA EntityManagerFactory for persistence unit 'default'
2023-12-09T23:14:44.232-06:00  WARN 29432 --- [           main] JpaBaseConfiguration$JpaWebConfiguration : spring.jpa.open-in-view is enabled by default. Therefore, database queries may be performed during view rendering. Explicitly configure spring.jpa.open-in-view to disable this warning
2023-12-09T23:14:45.048-06:00  INFO 29432 --- [           main] c.b.BeerHubBackendApplicationTests       : Started BeerHubBackendApplicationTests in 6.191 seconds (process running for 7.28)
]]></system-out>
  </testcase>
</testsuite>